<?xml version="1.0" encoding="UTF-8"?>
<testsuite xmlns:xsi="http://www.w3.org/2001/XMLSchema-instance" xsi:noNamespaceSchemaLocation="https://maven.apache.org/surefire/maven-surefire-plugin/xsd/surefire-test-report-3.0.xsd" version="3.0" name="com.mediplus.pruebas.casos.PruebasReportesTest" time="6.796" tests="12" errors="0" skipped="0" failures="0">
  <properties>
    <property name="java.specification.version" value="21"/>
    <property name="sun.cpu.isalist" value="amd64"/>
    <property name="sun.jnu.encoding" value="Cp1252"/>
    <property name="java.class.path" value="D:\Program Files\Apache Software Foundation\Dmaven_repo\org\apache\maven\surefire\surefire-booter\3.2.2\surefire-booter-3.2.2.jar;D:\Program Files\Apache Software Foundation\Dmaven_repo\org\apache\maven\surefire\surefire-api\3.2.2\surefire-api-3.2.2.jar;D:\Program Files\Apache Software Foundation\Dmaven_repo\org\apache\maven\surefire\surefire-logger-api\3.2.2\surefire-logger-api-3.2.2.jar;D:\Program Files\Apache Software Foundation\Dmaven_repo\org\apache\maven\surefire\surefire-shared-utils\3.2.2\surefire-shared-utils-3.2.2.jar;D:\Program Files\Apache Software Foundation\Dmaven_repo\org\apache\maven\surefire\surefire-extensions-spi\3.2.2\surefire-extensions-spi-3.2.2.jar;D:\Doc_HP_RRL\RRL\Sence\Iseg Spa\Modulo 7\Ejercicios\Portafolio 7\P6yP7\02\pruebas-api-mediplus\target\test-classes;D:\Doc_HP_RRL\RRL\Sence\Iseg Spa\Modulo 7\Ejercicios\Portafolio 7\P6yP7\02\pruebas-api-mediplus\target\classes;D:\Program Files\Apache Software Foundation\Dmaven_repo\org\junit\jupiter\junit-jupiter\5.10.0\junit-jupiter-5.10.0.jar;D:\Program Files\Apache Software Foundation\Dmaven_repo\org\junit\jupiter\junit-jupiter-api\5.10.0\junit-jupiter-api-5.10.0.jar;D:\Program Files\Apache Software Foundation\Dmaven_repo\org\opentest4j\opentest4j\1.3.0\opentest4j-1.3.0.jar;D:\Program Files\Apache Software Foundation\Dmaven_repo\org\junit\platform\junit-platform-commons\1.10.0\junit-platform-commons-1.10.0.jar;D:\Program Files\Apache Software Foundation\Dmaven_repo\org\junit\jupiter\junit-jupiter-engine\5.10.0\junit-jupiter-engine-5.10.0.jar;D:\Program Files\Apache Software Foundation\Dmaven_repo\org\junit\platform\junit-platform-engine\1.10.0\junit-platform-engine-1.10.0.jar;D:\Program Files\Apache Software Foundation\Dmaven_repo\org\junit\jupiter\junit-jupiter-params\5.10.0\junit-jupiter-params-5.10.0.jar;D:\Program Files\Apache Software Foundation\Dmaven_repo\org\apiguardian\apiguardian-api\1.1.2\apiguardian-api-1.1.2.jar;D:\Program Files\Apache Software Foundation\Dmaven_repo\io\rest-assured\rest-assured\5.3.2\rest-assured-5.3.2.jar;D:\Program Files\Apache Software Foundation\Dmaven_repo\org\apache\groovy\groovy\4.0.11\groovy-4.0.11.jar;D:\Program Files\Apache Software Foundation\Dmaven_repo\org\apache\groovy\groovy-xml\4.0.11\groovy-xml-4.0.11.jar;D:\Program Files\Apache Software Foundation\Dmaven_repo\org\apache\httpcomponents\httpmime\4.5.13\httpmime-4.5.13.jar;D:\Program Files\Apache Software Foundation\Dmaven_repo\org\ccil\cowan\tagsoup\tagsoup\1.2.1\tagsoup-1.2.1.jar;D:\Program Files\Apache Software Foundation\Dmaven_repo\io\rest-assured\json-path\5.3.2\json-path-5.3.2.jar;D:\Program Files\Apache Software Foundation\Dmaven_repo\org\apache\groovy\groovy-json\4.0.11\groovy-json-4.0.11.jar;D:\Program Files\Apache Software Foundation\Dmaven_repo\io\rest-assured\rest-assured-common\5.3.2\rest-assured-common-5.3.2.jar;D:\Program Files\Apache Software Foundation\Dmaven_repo\io\rest-assured\xml-path\5.3.2\xml-path-5.3.2.jar;D:\Program Files\Apache Software Foundation\Dmaven_repo\org\apache\commons\commons-lang3\3.11\commons-lang3-3.11.jar;D:\Program Files\Apache Software Foundation\Dmaven_repo\io\rest-assured\json-schema-validator\5.3.2\json-schema-validator-5.3.2.jar;D:\Program Files\Apache Software Foundation\Dmaven_repo\com\github\java-json-tools\json-schema-validator\2.2.14\json-schema-validator-2.2.14.jar;D:\Program Files\Apache Software Foundation\Dmaven_repo\com\github\java-json-tools\jackson-coreutils-equivalence\1.0\jackson-coreutils-equivalence-1.0.jar;D:\Program Files\Apache Software Foundation\Dmaven_repo\com\github\java-json-tools\jackson-coreutils\2.0\jackson-coreutils-2.0.jar;D:\Program Files\Apache Software Foundation\Dmaven_repo\com\github\java-json-tools\msg-simple\1.2\msg-simple-1.2.jar;D:\Program Files\Apache Software Foundation\Dmaven_repo\com\github\java-json-tools\btf\1.3\btf-1.3.jar;D:\Program Files\Apache Software Foundation\Dmaven_repo\com\github\java-json-tools\json-schema-core\1.2.14\json-schema-core-1.2.14.jar;D:\Program Files\Apache Software Foundation\Dmaven_repo\com\github\java-json-tools\uri-template\0.10\uri-template-0.10.jar;D:\Program Files\Apache Software Foundation\Dmaven_repo\org\mozilla\rhino\1.7.7.2\rhino-1.7.7.2.jar;D:\Program Files\Apache Software Foundation\Dmaven_repo\com\sun\mail\mailapi\1.6.2\mailapi-1.6.2.jar;D:\Program Files\Apache Software Foundation\Dmaven_repo\joda-time\joda-time\2.10.5\joda-time-2.10.5.jar;D:\Program Files\Apache Software Foundation\Dmaven_repo\com\googlecode\libphonenumber\libphonenumber\8.11.1\libphonenumber-8.11.1.jar;D:\Program Files\Apache Software Foundation\Dmaven_repo\com\google\code\findbugs\jsr305\3.0.2\jsr305-3.0.2.jar;D:\Program Files\Apache Software Foundation\Dmaven_repo\net\sf\jopt-simple\jopt-simple\5.0.4\jopt-simple-5.0.4.jar;D:\Program Files\Apache Software Foundation\Dmaven_repo\com\google\guava\guava\32.0.1-jre\guava-32.0.1-jre.jar;D:\Program Files\Apache Software Foundation\Dmaven_repo\com\google\guava\failureaccess\1.0.1\failureaccess-1.0.1.jar;D:\Program Files\Apache Software Foundation\Dmaven_repo\com\google\guava\listenablefuture\9999.0-empty-to-avoid-conflict-with-guava\listenablefuture-9999.0-empty-to-avoid-conflict-with-guava.jar;D:\Program Files\Apache Software Foundation\Dmaven_repo\org\checkerframework\checker-qual\3.33.0\checker-qual-3.33.0.jar;D:\Program Files\Apache Software Foundation\Dmaven_repo\com\google\errorprone\error_prone_annotations\2.18.0\error_prone_annotations-2.18.0.jar;D:\Program Files\Apache Software Foundation\Dmaven_repo\com\google\j2objc\j2objc-annotations\2.8\j2objc-annotations-2.8.jar;D:\Program Files\Apache Software Foundation\Dmaven_repo\com\fasterxml\jackson\core\jackson-core\2.16.0\jackson-core-2.16.0.jar;D:\Program Files\Apache Software Foundation\Dmaven_repo\com\fasterxml\jackson\core\jackson-databind\2.16.0\jackson-databind-2.16.0.jar;D:\Program Files\Apache Software Foundation\Dmaven_repo\com\fasterxml\jackson\core\jackson-annotations\2.16.0\jackson-annotations-2.16.0.jar;D:\Program Files\Apache Software Foundation\Dmaven_repo\org\slf4j\slf4j-api\2.0.9\slf4j-api-2.0.9.jar;D:\Program Files\Apache Software Foundation\Dmaven_repo\ch\qos\logback\logback-classic\1.4.14\logback-classic-1.4.14.jar;D:\Program Files\Apache Software Foundation\Dmaven_repo\ch\qos\logback\logback-core\1.4.14\logback-core-1.4.14.jar;D:\Program Files\Apache Software Foundation\Dmaven_repo\org\hamcrest\hamcrest\2.2\hamcrest-2.2.jar;D:\Program Files\Apache Software Foundation\Dmaven_repo\org\apache\httpcomponents\httpclient\4.5.14\httpclient-4.5.14.jar;D:\Program Files\Apache Software Foundation\Dmaven_repo\org\apache\httpcomponents\httpcore\4.4.16\httpcore-4.4.16.jar;D:\Program Files\Apache Software Foundation\Dmaven_repo\commons-logging\commons-logging\1.2\commons-logging-1.2.jar;D:\Program Files\Apache Software Foundation\Dmaven_repo\commons-codec\commons-codec\1.11\commons-codec-1.11.jar;D:\Program Files\Apache Software Foundation\Dmaven_repo\org\apache\maven\surefire\surefire-junit-platform\3.2.2\surefire-junit-platform-3.2.2.jar;D:\Program Files\Apache Software Foundation\Dmaven_repo\org\apache\maven\surefire\common-java5\3.2.2\common-java5-3.2.2.jar;D:\Program Files\Apache Software Foundation\Dmaven_repo\org\junit\platform\junit-platform-launcher\1.10.0\junit-platform-launcher-1.10.0.jar"/>
    <property name="java.vm.vendor" value="Oracle Corporation"/>
    <property name="sun.arch.data.model" value="64"/>
    <property name="user.variant" value=""/>
    <property name="java.vendor.url" value="https://java.oracle.com/"/>
    <property name="user.timezone" value="America/Santiago"/>
    <property name="os.name" value="Windows 11"/>
    <property name="java.vm.specification.version" value="21"/>
    <property name="sun.java.launcher" value="SUN_STANDARD"/>
    <property name="user.country" value="CL"/>
    <property name="sun.boot.library.path" value="C:\Program Files\Java\jdk-21\bin"/>
    <property name="sun.java.command" value="org.apache.maven.surefire.booter.ForkedBooter C:\Users\uman_\AppData\Local\Temp\surefire13212442809827897602 2025-08-18T11-42-45_556-jvmRun1 surefire-20250818114246150_1tmp surefire_0-20250818114246150_2tmp"/>
    <property name="jdk.debug" value="release"/>
    <property name="surefire.test.class.path" value="D:\Doc_HP_RRL\RRL\Sence\Iseg Spa\Modulo 7\Ejercicios\Portafolio 7\P6yP7\02\pruebas-api-mediplus\target\test-classes;D:\Doc_HP_RRL\RRL\Sence\Iseg Spa\Modulo 7\Ejercicios\Portafolio 7\P6yP7\02\pruebas-api-mediplus\target\classes;D:\Program Files\Apache Software Foundation\Dmaven_repo\org\junit\jupiter\junit-jupiter\5.10.0\junit-jupiter-5.10.0.jar;D:\Program Files\Apache Software Foundation\Dmaven_repo\org\junit\jupiter\junit-jupiter-api\5.10.0\junit-jupiter-api-5.10.0.jar;D:\Program Files\Apache Software Foundation\Dmaven_repo\org\opentest4j\opentest4j\1.3.0\opentest4j-1.3.0.jar;D:\Program Files\Apache Software Foundation\Dmaven_repo\org\junit\platform\junit-platform-commons\1.10.0\junit-platform-commons-1.10.0.jar;D:\Program Files\Apache Software Foundation\Dmaven_repo\org\junit\jupiter\junit-jupiter-engine\5.10.0\junit-jupiter-engine-5.10.0.jar;D:\Program Files\Apache Software Foundation\Dmaven_repo\org\junit\platform\junit-platform-engine\1.10.0\junit-platform-engine-1.10.0.jar;D:\Program Files\Apache Software Foundation\Dmaven_repo\org\junit\jupiter\junit-jupiter-params\5.10.0\junit-jupiter-params-5.10.0.jar;D:\Program Files\Apache Software Foundation\Dmaven_repo\org\apiguardian\apiguardian-api\1.1.2\apiguardian-api-1.1.2.jar;D:\Program Files\Apache Software Foundation\Dmaven_repo\io\rest-assured\rest-assured\5.3.2\rest-assured-5.3.2.jar;D:\Program Files\Apache Software Foundation\Dmaven_repo\org\apache\groovy\groovy\4.0.11\groovy-4.0.11.jar;D:\Program Files\Apache Software Foundation\Dmaven_repo\org\apache\groovy\groovy-xml\4.0.11\groovy-xml-4.0.11.jar;D:\Program Files\Apache Software Foundation\Dmaven_repo\org\apache\httpcomponents\httpmime\4.5.13\httpmime-4.5.13.jar;D:\Program Files\Apache Software Foundation\Dmaven_repo\org\ccil\cowan\tagsoup\tagsoup\1.2.1\tagsoup-1.2.1.jar;D:\Program Files\Apache Software Foundation\Dmaven_repo\io\rest-assured\json-path\5.3.2\json-path-5.3.2.jar;D:\Program Files\Apache Software Foundation\Dmaven_repo\org\apache\groovy\groovy-json\4.0.11\groovy-json-4.0.11.jar;D:\Program Files\Apache Software Foundation\Dmaven_repo\io\rest-assured\rest-assured-common\5.3.2\rest-assured-common-5.3.2.jar;D:\Program Files\Apache Software Foundation\Dmaven_repo\io\rest-assured\xml-path\5.3.2\xml-path-5.3.2.jar;D:\Program Files\Apache Software Foundation\Dmaven_repo\org\apache\commons\commons-lang3\3.11\commons-lang3-3.11.jar;D:\Program Files\Apache Software Foundation\Dmaven_repo\io\rest-assured\json-schema-validator\5.3.2\json-schema-validator-5.3.2.jar;D:\Program Files\Apache Software Foundation\Dmaven_repo\com\github\java-json-tools\json-schema-validator\2.2.14\json-schema-validator-2.2.14.jar;D:\Program Files\Apache Software Foundation\Dmaven_repo\com\github\java-json-tools\jackson-coreutils-equivalence\1.0\jackson-coreutils-equivalence-1.0.jar;D:\Program Files\Apache Software Foundation\Dmaven_repo\com\github\java-json-tools\jackson-coreutils\2.0\jackson-coreutils-2.0.jar;D:\Program Files\Apache Software Foundation\Dmaven_repo\com\github\java-json-tools\msg-simple\1.2\msg-simple-1.2.jar;D:\Program Files\Apache Software Foundation\Dmaven_repo\com\github\java-json-tools\btf\1.3\btf-1.3.jar;D:\Program Files\Apache Software Foundation\Dmaven_repo\com\github\java-json-tools\json-schema-core\1.2.14\json-schema-core-1.2.14.jar;D:\Program Files\Apache Software Foundation\Dmaven_repo\com\github\java-json-tools\uri-template\0.10\uri-template-0.10.jar;D:\Program Files\Apache Software Foundation\Dmaven_repo\org\mozilla\rhino\1.7.7.2\rhino-1.7.7.2.jar;D:\Program Files\Apache Software Foundation\Dmaven_repo\com\sun\mail\mailapi\1.6.2\mailapi-1.6.2.jar;D:\Program Files\Apache Software Foundation\Dmaven_repo\joda-time\joda-time\2.10.5\joda-time-2.10.5.jar;D:\Program Files\Apache Software Foundation\Dmaven_repo\com\googlecode\libphonenumber\libphonenumber\8.11.1\libphonenumber-8.11.1.jar;D:\Program Files\Apache Software Foundation\Dmaven_repo\com\google\code\findbugs\jsr305\3.0.2\jsr305-3.0.2.jar;D:\Program Files\Apache Software Foundation\Dmaven_repo\net\sf\jopt-simple\jopt-simple\5.0.4\jopt-simple-5.0.4.jar;D:\Program Files\Apache Software Foundation\Dmaven_repo\com\google\guava\guava\32.0.1-jre\guava-32.0.1-jre.jar;D:\Program Files\Apache Software Foundation\Dmaven_repo\com\google\guava\failureaccess\1.0.1\failureaccess-1.0.1.jar;D:\Program Files\Apache Software Foundation\Dmaven_repo\com\google\guava\listenablefuture\9999.0-empty-to-avoid-conflict-with-guava\listenablefuture-9999.0-empty-to-avoid-conflict-with-guava.jar;D:\Program Files\Apache Software Foundation\Dmaven_repo\org\checkerframework\checker-qual\3.33.0\checker-qual-3.33.0.jar;D:\Program Files\Apache Software Foundation\Dmaven_repo\com\google\errorprone\error_prone_annotations\2.18.0\error_prone_annotations-2.18.0.jar;D:\Program Files\Apache Software Foundation\Dmaven_repo\com\google\j2objc\j2objc-annotations\2.8\j2objc-annotations-2.8.jar;D:\Program Files\Apache Software Foundation\Dmaven_repo\com\fasterxml\jackson\core\jackson-core\2.16.0\jackson-core-2.16.0.jar;D:\Program Files\Apache Software Foundation\Dmaven_repo\com\fasterxml\jackson\core\jackson-databind\2.16.0\jackson-databind-2.16.0.jar;D:\Program Files\Apache Software Foundation\Dmaven_repo\com\fasterxml\jackson\core\jackson-annotations\2.16.0\jackson-annotations-2.16.0.jar;D:\Program Files\Apache Software Foundation\Dmaven_repo\org\slf4j\slf4j-api\2.0.9\slf4j-api-2.0.9.jar;D:\Program Files\Apache Software Foundation\Dmaven_repo\ch\qos\logback\logback-classic\1.4.14\logback-classic-1.4.14.jar;D:\Program Files\Apache Software Foundation\Dmaven_repo\ch\qos\logback\logback-core\1.4.14\logback-core-1.4.14.jar;D:\Program Files\Apache Software Foundation\Dmaven_repo\org\hamcrest\hamcrest\2.2\hamcrest-2.2.jar;D:\Program Files\Apache Software Foundation\Dmaven_repo\org\apache\httpcomponents\httpclient\4.5.14\httpclient-4.5.14.jar;D:\Program Files\Apache Software Foundation\Dmaven_repo\org\apache\httpcomponents\httpcore\4.4.16\httpcore-4.4.16.jar;D:\Program Files\Apache Software Foundation\Dmaven_repo\commons-logging\commons-logging\1.2\commons-logging-1.2.jar;D:\Program Files\Apache Software Foundation\Dmaven_repo\commons-codec\commons-codec\1.11\commons-codec-1.11.jar;"/>
    <property name="sun.cpu.endian" value="little"/>
    <property name="user.home" value="C:\Users\uman_"/>
    <property name="user.language" value="es"/>
    <property name="java.specification.vendor" value="Oracle Corporation"/>
    <property name="java.version.date" value="2025-07-15"/>
    <property name="java.home" value="C:\Program Files\Java\jdk-21"/>
    <property name="file.separator" value="\"/>
    <property name="basedir" value="D:\Doc_HP_RRL\RRL\Sence\Iseg Spa\Modulo 7\Ejercicios\Portafolio 7\P6yP7\02\pruebas-api-mediplus"/>
    <property name="java.vm.compressedOopsMode" value="Zero based"/>
    <property name="line.separator" value="&#10;"/>
    <property name="java.vm.specification.vendor" value="Oracle Corporation"/>
    <property name="java.specification.name" value="Java Platform API Specification"/>
    <property name="user.script" value=""/>
    <property name="java.util.logging.config.file" value="src/test/resources/logging.properties"/>
    <property name="sun.management.compiler" value="HotSpot 64-Bit Tiered Compilers"/>
    <property name="java.runtime.version" value="21.0.8+12-LTS-250"/>
    <property name="user.name" value="uman_"/>
    <property name="stdout.encoding" value="Cp1252"/>
    <property name="path.separator" value=";"/>
    <property name="os.version" value="10.0"/>
    <property name="java.runtime.name" value="Java(TM) SE Runtime Environment"/>
    <property name="file.encoding" value="UTF-8"/>
    <property name="java.vm.name" value="Java HotSpot(TM) 64-Bit Server VM"/>
    <property name="localRepository" value="D:\Program Files\Apache Software Foundation\Dmaven_repo"/>
    <property name="java.vendor.url.bug" value="https://bugreport.java.com/bugreport/"/>
    <property name="java.io.tmpdir" value="C:\Users\uman_\AppData\Local\Temp\"/>
    <property name="java.version" value="21.0.8"/>
    <property name="user.dir" value="D:\Doc_HP_RRL\RRL\Sence\Iseg Spa\Modulo 7\Ejercicios\Portafolio 7\P6yP7\02\pruebas-api-mediplus"/>
    <property name="os.arch" value="amd64"/>
    <property name="java.vm.specification.name" value="Java Virtual Machine Specification"/>
    <property name="sun.os.patch.level" value=""/>
    <property name="native.encoding" value="Cp1252"/>
    <property name="java.library.path" value="C:\Program Files\Java\jdk-21\bin;C:\WINDOWS\Sun\Java\bin;C:\WINDOWS\system32;C:\WINDOWS;C:\Users\uman_\bin;C:\Program Files\Git\mingw64\bin;C:\Program Files\Git\usr\local\bin;C:\Program Files\Git\usr\bin;C:\Program Files\Git\usr\bin;C:\Program Files\Git\mingw64\bin;C:\Program Files\Git\usr\bin;C:\Users\uman_\bin;C:\Python313\Scripts;C:\Python313;D:\bin;D:\Program Files (x86)\VMware\VMware Workstation\bin;C:\Program Files (x86)\Microsoft SDKs\Azure\CLI2\wbin;C:\Program Files\Common Files\Oracle\Java\javapath;C:\WINDOWS\system32;C:\WINDOWS;C:\WINDOWS\System32\Wbem;C:\WINDOWS\System32\WindowsPowerShell\v1.0;C:\WINDOWS\System32\OpenSSH;C:\Program Files\dotnet;D:\Program Files\MySQL\MySQL Utilities 1.6;C:\apache-ant-1.10.13\bootstrap\bin;D:\Program Files\Microsoft SQL Server\Client SDK\ODBC\170\Tools\Binn;C:\Program Files\Azure Data Studio\bin;C:\Program Files\HP\HP One Agent;C:\WINDOWS\system32;C:\WINDOWS;C:\WINDOWS\System32\Wbem;C:\WINDOWS\System32\WindowsPowerShell\v1.0;C:\WINDOWS\System32\OpenSSH;D:\Program Files\Apache Software Foundation\apache-maven-3.9.10\bin;D:\Program Files\sonarqube-2025.3.1.109879\bin;D:\Program Files\Apache Software Foundation\apache-jmeter-5.6.3\bin;D:\Program Files\Microsoft SQL Server\150\Tools\Binn;D:\Terraform;C:\Program Files\Git LFS;D:\Program Files\Apache Software Foundation\allure-2.34.1\bin;D:\Program Files\nodejs;C:\ProgramData\chocolatey\bin;D:\Program Files\PowerShell\7;C:\Program Files\Docker\Docker\resources\bin;C:\Program Files\Git\cmd;D:\Program Files\PuTTY;D:\Program Files\Apache Software Foundation\apache-jmeter-5.6.3\bin;C:\Users\uman_\AppData\Local\Programs\Python\Python311\Scripts;C:\Users\uman_\AppData\Local\Programs\Python\Python311;C:\Program Files\MySQL\MySQL Shell 8.0\bin;C:\Users\uman_\AppData\Local\Microsoft\WindowsApps;C:\Users\uman_\AppData\Local\GitHubDesktop\bin;C:\Program Files\JetBrains\WebStorm 2023.1.2\bin;C:\Program Files\JetBrains\PyCharm 2023.1.2\bin;C:\Users\uman_\AppData\Local\JetBrains\Toolbox\scripts;C:\Users\uman_\AppData\Local\Microsoft\WindowsApps;C:\Program Files\Azure Data Studio\bin;C:\Users\uman_\.dotnet\tools;D:\Program Files\JetBrains\JetBrains Gateway 2023.2.1\bin;C:\Program Files\JetBrains\IntelliJ IDEA 2024.1.4\bin;D:\Program Files (x86)\BrowserStackLocal;C:\Users\uman_\AppData\Local\Programs\Ollama;D:\Users\uman_\AppData\Local\Programs\Microsoft VS Code\bin;D:\Program Files\Apache Software Foundation\allure-2.34.1\bin;C:\Users\uman_\AppData\Roaming\npm;C:\Program Files (x86)\Nmap;C:\Program Files\Git\usr\bin\vendor_perl;C:\Program Files\Git\usr\bin\core_perl;."/>
    <property name="java.vm.info" value="mixed mode, sharing"/>
    <property name="stderr.encoding" value="Cp1252"/>
    <property name="java.vendor" value="Oracle Corporation"/>
    <property name="java.vm.version" value="21.0.8+12-LTS-250"/>
    <property name="sun.io.unicode.encoding" value="UnicodeLittle"/>
    <property name="java.class.version" value="65.0"/>
  </properties>
  <testcase name="deberiaFallarControladamenteAlBuscarReporteInexistente" classname="com.mediplus.pruebas.casos.PruebasReportesTest" time="0.516">
    <system-out><![CDATA[🔍 EJECUTANDO: Buscar reporte inexistente (PRUEBA NEGATIVA)
🚫 ID INEXISTENTE: 99999
Request method:	GET
Request URI:	https://dummyjson.com/products/99999
✅ VALIDACIÓN: Status 404 y tiempo < 10000ms - ERROR ESPERADO
✅ Error controlado manejado correctamente para reporte inexistente ID: 99999
📊 RESULTADO: Exitoso - Error manejado correctamente

]]></system-out>
  </testcase>
  <testcase name="deberiaValidarFlujoIntegralConHTTPReal" classname="com.mediplus.pruebas.casos.PruebasReportesTest" time="1.378">
    <system-out><![CDATA[🔍 EJECUTANDO: Flujo integral con HTTP real
Request method:	GET
Request URI:	https://dummyjson.com/products/1
✅ Paciente encontrado: Essence Mascara Lash Princess (ID: 1)
Request method:	GET
Request URI:	https://dummyjson.com/products/search?q=appointment
✅ Citas encontradas: 0
Request method:	GET
Request URI:	https://dummyjson.com/products/categories
✅ Tipos de reporte disponibles: 24
✅ Flujo integral HTTP completado exitosamente
📊 RESULTADO: Exitoso - Todas las operaciones HTTP funcionaron correctamente
🔄 Flujo validado: Paciente → Citas → Tipos de Reporte

]]></system-out>
  </testcase>
  <testcase name="deberiaBuscarCitasPorEspecialidadMedica" classname="com.mediplus.pruebas.casos.PruebasReportesTest" time="0.52">
    <system-out><![CDATA[🔍 EJECUTANDO: Buscar citas por especialidad médica
🏥 ESPECIALIDAD: cardiology
Request method:	GET
Request URI:	https://dummyjson.com/posts/search?q=cardiology
✅ VALIDACIÓN: Status 200 y tiempo < 10000ms - CORRECTO
✅ Búsqueda de citas completada para especialidad: cardiology
📊 RESULTADO: Exitoso - Búsqueda por especialidad realizada

]]></system-out>
  </testcase>
  <testcase name="deberiaBuscarReportesPorPalabrasClave" classname="com.mediplus.pruebas.casos.PruebasReportesTest" time="0.591">
    <system-out><![CDATA[🔍 EJECUTANDO: Buscar reportes por palabra clave
🔎 TÉRMINO: health
Request method:	GET
Request URI:	https://dummyjson.com/products/search?q=health
✅ VALIDACIÓN: Status 200 y tiempo < 10000ms - CORRECTO
   → Se encontraron 1 resultados
✅ Búsqueda de reportes completada para término: health
📊 RESULTADO: Exitoso - Búsqueda realizada

]]></system-out>
  </testcase>
  <testcase name="deberiaObtenerHistorialCitasPaciente" classname="com.mediplus.pruebas.casos.PruebasReportesTest" time="0.621">
    <system-out><![CDATA[🔍 EJECUTANDO: Obtener historial de citas de paciente
👤 PACIENTE ID: 1
Request method:	GET
Request URI:	https://dummyjson.com/posts/user/1
✅ VALIDACIÓN: Status 200 y tiempo < 10000ms - CORRECTO
   → Se encontraron 1 citas para el paciente
✅ Historial de citas obtenido para paciente ID: 1
📊 RESULTADO: Exitoso - Historial obtenido

]]></system-out>
  </testcase>
  <testcase name="deberiaManejarCorrectamentePacienteInexistente" classname="com.mediplus.pruebas.casos.PruebasReportesTest" time="0.525">
    <system-out><![CDATA[🔍 EJECUTANDO: Obtener citas de paciente inexistente (PRUEBA NEGATIVA)
🚫 ID PACIENTE INEXISTENTE: 99999
Request method:	GET
Request URI:	https://dummyjson.com/posts/user/99999
✅ VALIDACIÓN: Status 404 y tiempo < 10000ms - CORRECTO
✅ Manejo correcto implementado para paciente inexistente ID: 99999
📊 RESULTADO: Exitoso - Paciente inexistente manejado

]]></system-out>
  </testcase>
  <testcase name="deberiaObtenerTodosLosReportesDisponibles" classname="com.mediplus.pruebas.casos.PruebasReportesTest" time="0.355">
    <system-out><![CDATA[🔍 EJECUTANDO: Obtener todos los reportes disponibles
📡 ENDPOINT: GET /products
Request method:	GET
Request URI:	https://dummyjson.com/products
✅ VALIDACIÓN: Status 200 y tiempo < 10000ms - CORRECTO
✅ Total de reportes disponibles obtenidos: 30
📊 RESULTADO: Exitoso - Lista de reportes obtenida

]]></system-out>
  </testcase>
  <testcase name="deberiaGenerarReporteEstadisticoMensual" classname="com.mediplus.pruebas.casos.PruebasReportesTest" time="0.62">
    <system-out><![CDATA[🔍 EJECUTANDO: Generar reporte estadístico mensual
📅 PERÍODO: 08/2025
Request method:	POST
Request URI:	https://dummyjson.com/products/add
✅ VALIDACIÓN: Status 201 y tiempo < 10000ms - CORRECTO
✅ Reporte estadístico mensual generado para período: 08/2025
📊 RESULTADO: Exitoso - Reporte estadístico creado

]]></system-out>
  </testcase>
  <testcase name="deberiaGenerarReporteLaboratorioConDatosValidos" classname="com.mediplus.pruebas.casos.PruebasReportesTest" time="0.531">
    <system-out><![CDATA[🔍 EJECUTANDO: Generar reporte de laboratorio
📋 DATOS: Paciente=Juan Carlos González, Examen=Hemograma Completo
Request method:	POST
Request URI:	https://dummyjson.com/products/add
✅ VALIDACIÓN: Status 201 y tiempo < 10000ms - CORRECTO
✅ Reporte de laboratorio generado exitosamente con ID: 195
📊 RESULTADO: Exitoso - Reporte creado

]]></system-out>
  </testcase>
  <testcase name="deberiaCrearCitaConEspecialidadEspecifica" classname="com.mediplus.pruebas.casos.PruebasReportesTest" time="0.628">
    <system-out><![CDATA[🔍 EJECUTANDO: Crear nueva cita con especialidad específica
📋 DATOS DE LA CITA:
   🏥 Motivo: Consulta Cardiología Preventiva
   📋 Descripción: Control preventivo cardiovascular anual
   👤 Paciente ID: 15
   🩺 Especialidad: cardiologia
Request method:	POST
Request URI:	https://dummyjson.com/posts/add
✅ VALIDACIÓN: Status 201 y tiempo < 10000ms - CORRECTO
✅ Cita de cardiologia creada exitosamente para paciente 15
📊 RESULTADO: Exitoso - Cita especializada creada

]]></system-out>
  </testcase>
  <testcase name="deberiaValidarFuncionalidadesModeloReporte" classname="com.mediplus.pruebas.casos.PruebasReportesTest" time="0.0">
    <system-out><![CDATA[🔍 EJECUTANDO: Validación del modelo Reporte
📋 OBJETIVO: Verificar funcionalidades y métodos helper
📋 DATOS DEL REPORTE:
   📋 Título: Reporte Cardiología
   👨‍⚕️ Médico: Dr. Juan Pérez
   📊 Estado: revisado
✅ Modelo Reporte validado exitosamente con métodos helper
📊 RESULTADO: Exitoso - Modelo validado

]]></system-out>
  </testcase>
  <testcase name="deberiaObtenerCatalogoCategoriasReportes" classname="com.mediplus.pruebas.casos.PruebasReportesTest" time="0.501">
    <system-out><![CDATA[🔍 EJECUTANDO: Obtener catálogo de categorías
📡 ENDPOINT: GET /products/categories
Request method:	GET
Request URI:	https://dummyjson.com/products/categories
✅ VALIDACIÓN: Status 200 y tiempo < 10000ms - CORRECTO
✅ Catálogo de categorías de reportes obtenido exitosamente
📊 RESULTADO: Exitoso - Categorías obtenidas

]]></system-out>
  </testcase>
</testsuite>